<?xml version="1.0" encoding="UTF-8"?>
<!-- Generated by org.testng.reporters.JUnitReportReporter -->
<testsuite hostname="Purushoth" name="testpackage.MavenTest" tests="1" failures="0" timestamp="29 Jul 2020 02:55:00 GMT" time="9.307" errors="0">
  <testcase name="test" time="9.307" classname="testpackage.MavenTest"/>
</testsuite> <!-- testpackage.MavenTest -->
