<?xml version="1.0" encoding="UTF-8"?>
<!-- Generated by org.testng.reporters.JUnitReportReporter -->
<testsuite hostname="Purushoth" name="MavenProject.MavenProject1.test" tests="2" failures="0" timestamp="5 Aug 2020 11:13:20 GMT" time="18.479" errors="0">
  <testcase name="google" time="9.758" classname="MavenProject.MavenProject1.test"/>
  <testcase name="twingo" time="8.721" classname="MavenProject.MavenProject1.test"/>
</testsuite> <!-- MavenProject.MavenProject1.test -->
